{"C:\\Users\\Guilherme0957\\Documents\\back-end-4\\src\\controllers\\OperaçoesController.js": {"path":"C:\\Users\\Guilherme0957\\Documents\\back-end-4\\src\\controllers\\OperaçoesController.js","statementMap":{"0":{"start":{"line":1,"column":13},"end":{"line":8,"column":1}},"1":{"start":{"line":2,"column":4},"end":{"line":7,"column":5}},"2":{"start":{"line":3,"column":22},"end":{"line":3,"column":29}},"3":{"start":{"line":4,"column":8},"end":{"line":4,"column":20}},"4":{"start":{"line":6,"column":8},"end":{"line":6,"column":35}},"5":{"start":{"line":10,"column":0},"end":{"line":10,"column":23}}},"fnMap":{"0":{"name":"(anonymous_0)","decl":{"start":{"line":1,"column":13},"end":{"line":1,"column":14}},"loc":{"start":{"line":1,"column":25},"end":{"line":8,"column":1}},"line":1}},"branchMap":{},"s":{"0":1,"1":1,"2":1,"3":1,"4":0,"5":1},"f":{"0":1},"b":{},"_coverageSchema":"1a1c01bbd47fc00a2c39e90264f33305004495a9","hash":"4265062f93435b3ea792836116f5230bed99e9b1"}
}
